<?xml version="1.0" encoding="UTF-8"?>
<!-- Generated by org.testng.reporters.JUnitReportReporter -->
<testsuite hostname="Madans-MacBook-Pro.local" failures="0" tests="1" name="maven.Findby.Main" time="73.655" errors="0" timestamp="2021-07-05T21:29:59 IST" skipped="0">
  <testcase classname="maven.Findby.Main" name="Homepage" time="73.655"/>
  <system-out/>
</testsuite> <!-- maven.Findby.Main -->
